{"/var/www/server23/bootcamp/javascript/node/node-ng-fs/app.js": {"path":"/var/www/server23/bootcamp/javascript/node/node-ng-fs/app.js","statementMap":{"0":{"start":{"line":4,"column":16},"end":{"line":4,"column":34}},"1":{"start":{"line":6,"column":12},"end":{"line":6,"column":21}},"2":{"start":{"line":7,"column":21},"end":{"line":7,"column":46}},"3":{"start":{"line":8,"column":24},"end":{"line":8,"column":53}},"4":{"start":{"line":9,"column":23},"end":{"line":9,"column":51}},"5":{"start":{"line":11,"column":0},"end":{"line":11,"column":24}},"6":{"start":{"line":12,"column":0},"end":{"line":12,"column":39}},"7":{"start":{"line":13,"column":0},"end":{"line":13,"column":37}},"8":{"start":{"line":19,"column":0},"end":{"line":22,"column":3}},"9":{"start":{"line":20,"column":14},"end":{"line":20,"column":48}},"10":{"start":{"line":21,"column":2},"end":{"line":21,"column":19}},"11":{"start":{"line":26,"column":0},"end":{"line":33,"column":3}},"12":{"start":{"line":27,"column":2},"end":{"line":27,"column":32}},"13":{"start":{"line":29,"column":2},"end":{"line":32,"column":5}},"14":{"start":{"line":36,"column":0},"end":{"line":36,"column":21}}},"fnMap":{"0":{"name":"(anonymous_0)","decl":{"start":{"line":19,"column":8},"end":{"line":19,"column":9}},"loc":{"start":{"line":19,"column":33},"end":{"line":22,"column":1}},"line":19},"1":{"name":"(anonymous_1)","decl":{"start":{"line":26,"column":8},"end":{"line":26,"column":9}},"loc":{"start":{"line":26,"column":33},"end":{"line":33,"column":1}},"line":26}},"branchMap":{"0":{"loc":{"start":{"line":27,"column":13},"end":{"line":27,"column":30}},"type":"binary-expr","locations":[{"start":{"line":27,"column":13},"end":{"line":27,"column":23}},{"start":{"line":27,"column":27},"end":{"line":27,"column":30}}],"line":27}},"s":{"0":2,"1":2,"2":2,"3":2,"4":2,"5":2,"6":2,"7":2,"8":2,"9":0,"10":0,"11":2,"12":0,"13":0,"14":2},"f":{"0":0,"1":0},"b":{"0":[0,0]},"_coverageSchema":"1a1c01bbd47fc00a2c39e90264f33305004495a9","hash":"1a45be1d029740b6ceb40654d267ec8cd19df3f4"}
,"/var/www/server23/bootcamp/javascript/node/node-ng-fs/db.js": {"path":"/var/www/server23/bootcamp/javascript/node/node-ng-fs/db.js","statementMap":{"0":{"start":{"line":3,"column":19},"end":{"line":3,"column":32}},"1":{"start":{"line":7,"column":0},"end":{"line":11,"column":1}},"2":{"start":{"line":8,"column":2},"end":{"line":8,"column":67}},"3":{"start":{"line":10,"column":2},"end":{"line":10,"column":62}},"4":{"start":{"line":13,"column":9},"end":{"line":15,"column":2}},"5":{"start":{"line":17,"column":0},"end":{"line":17,"column":13}},"6":{"start":{"line":19,"column":0},"end":{"line":19,"column":20}}},"fnMap":{},"branchMap":{"0":{"loc":{"start":{"line":7,"column":0},"end":{"line":11,"column":1}},"type":"if","locations":[{"start":{"line":7,"column":0},"end":{"line":11,"column":1}},{"start":{"line":9,"column":7},"end":{"line":11,"column":1}}],"line":7}},"s":{"0":2,"1":2,"2":2,"3":0,"4":2,"5":2,"6":2},"f":{},"b":{"0":[2,0]},"_coverageSchema":"1a1c01bbd47fc00a2c39e90264f33305004495a9","hash":"d1718b2597892738f625755215f90b5d49c545a3"}
,"/var/www/server23/bootcamp/javascript/node/node-ng-fs/expressError.js": {"path":"/var/www/server23/bootcamp/javascript/node/node-ng-fs/expressError.js","statementMap":{"0":{"start":{"line":9,"column":4},"end":{"line":9,"column":12}},"1":{"start":{"line":10,"column":4},"end":{"line":10,"column":27}},"2":{"start":{"line":11,"column":4},"end":{"line":11,"column":25}},"3":{"start":{"line":12,"column":4},"end":{"line":12,"column":30}},"4":{"start":{"line":17,"column":0},"end":{"line":17,"column":30}}},"fnMap":{"0":{"name":"(anonymous_0)","decl":{"start":{"line":8,"column":2},"end":{"line":8,"column":3}},"loc":{"start":{"line":8,"column":31},"end":{"line":13,"column":3}},"line":8}},"branchMap":{},"s":{"0":0,"1":0,"2":0,"3":0,"4":2},"f":{"0":0},"b":{},"_coverageSchema":"1a1c01bbd47fc00a2c39e90264f33305004495a9","hash":"7801ae8f4e2b8cf12b655aa1789c9371a555a4fe"}
,"/var/www/server23/bootcamp/javascript/node/node-ng-fs/routes/companies.js": {"path":"/var/www/server23/bootcamp/javascript/node/node-ng-fs/routes/companies.js","statementMap":{"0":{"start":{"line":1,"column":16},"end":{"line":1,"column":34}},"1":{"start":{"line":2,"column":15},"end":{"line":2,"column":35}},"2":{"start":{"line":3,"column":11},"end":{"line":3,"column":27}},"3":{"start":{"line":4,"column":21},"end":{"line":4,"column":47}},"4":{"start":{"line":7,"column":0},"end":{"line":14,"column":3}},"5":{"start":{"line":8,"column":2},"end":{"line":13,"column":3}},"6":{"start":{"line":9,"column":19},"end":{"line":9,"column":69}},"7":{"start":{"line":10,"column":4},"end":{"line":10,"column":48}},"8":{"start":{"line":12,"column":4},"end":{"line":12,"column":21}},"9":{"start":{"line":17,"column":0},"end":{"line":52,"column":3}},"10":{"start":{"line":18,"column":2},"end":{"line":51,"column":3}},"11":{"start":{"line":19,"column":21},"end":{"line":19,"column":31}},"12":{"start":{"line":22,"column":23},"end":{"line":25,"column":5}},"13":{"start":{"line":27,"column":4},"end":{"line":29,"column":5}},"14":{"start":{"line":28,"column":6},"end":{"line":28,"column":73}},"15":{"start":{"line":32,"column":22},"end":{"line":35,"column":5}},"16":{"start":{"line":38,"column":22},"end":{"line":42,"column":40}},"17":{"start":{"line":44,"column":20},"end":{"line":44,"column":38}},"18":{"start":{"line":45,"column":4},"end":{"line":45,"column":57}},"19":{"start":{"line":45,"column":49},"end":{"line":45,"column":55}},"20":{"start":{"line":46,"column":4},"end":{"line":46,"column":65}},"21":{"start":{"line":46,"column":51},"end":{"line":46,"column":63}},"22":{"start":{"line":48,"column":4},"end":{"line":48,"column":33}},"23":{"start":{"line":50,"column":4},"end":{"line":50,"column":21}},"24":{"start":{"line":56,"column":16},"end":{"line":56,"column":34}},"25":{"start":{"line":58,"column":0},"end":{"line":70,"column":3}},"26":{"start":{"line":59,"column":2},"end":{"line":69,"column":3}},"27":{"start":{"line":60,"column":34},"end":{"line":60,"column":42}},"28":{"start":{"line":61,"column":17},"end":{"line":61,"column":61}},"29":{"start":{"line":62,"column":19},"end":{"line":65,"column":5}},"30":{"start":{"line":66,"column":4},"end":{"line":66,"column":61}},"31":{"start":{"line":68,"column":4},"end":{"line":68,"column":21}},"32":{"start":{"line":73,"column":0},"end":{"line":90,"column":3}},"33":{"start":{"line":74,"column":2},"end":{"line":89,"column":3}},"34":{"start":{"line":75,"column":21},"end":{"line":75,"column":31}},"35":{"start":{"line":76,"column":34},"end":{"line":76,"column":42}},"36":{"start":{"line":77,"column":19},"end":{"line":80,"column":5}},"37":{"start":{"line":82,"column":4},"end":{"line":84,"column":5}},"38":{"start":{"line":83,"column":6},"end":{"line":83,"column":73}},"39":{"start":{"line":86,"column":4},"end":{"line":86,"column":49}},"40":{"start":{"line":88,"column":4},"end":{"line":88,"column":21}},"41":{"start":{"line":93,"column":0},"end":{"line":109,"column":3}},"42":{"start":{"line":94,"column":2},"end":{"line":108,"column":3}},"43":{"start":{"line":95,"column":21},"end":{"line":95,"column":31}},"44":{"start":{"line":96,"column":19},"end":{"line":99,"column":5}},"45":{"start":{"line":101,"column":4},"end":{"line":103,"column":5}},"46":{"start":{"line":102,"column":6},"end":{"line":102,"column":73}},"47":{"start":{"line":105,"column":4},"end":{"line":105,"column":43}},"48":{"start":{"line":107,"column":4},"end":{"line":107,"column":21}},"49":{"start":{"line":111,"column":0},"end":{"line":111,"column":24}}},"fnMap":{"0":{"name":"(anonymous_0)","decl":{"start":{"line":7,"column":16},"end":{"line":7,"column":17}},"loc":{"start":{"line":7,"column":48},"end":{"line":14,"column":1}},"line":7},"1":{"name":"(anonymous_1)","decl":{"start":{"line":17,"column":21},"end":{"line":17,"column":22}},"loc":{"start":{"line":17,"column":53},"end":{"line":52,"column":1}},"line":17},"2":{"name":"(anonymous_2)","decl":{"start":{"line":45,"column":42},"end":{"line":45,"column":43}},"loc":{"start":{"line":45,"column":49},"end":{"line":45,"column":55}},"line":45},"3":{"name":"(anonymous_3)","decl":{"start":{"line":46,"column":44},"end":{"line":46,"column":45}},"loc":{"start":{"line":46,"column":51},"end":{"line":46,"column":63}},"line":46},"4":{"name":"(anonymous_4)","decl":{"start":{"line":58,"column":17},"end":{"line":58,"column":18}},"loc":{"start":{"line":58,"column":49},"end":{"line":70,"column":1}},"line":58},"5":{"name":"(anonymous_5)","decl":{"start":{"line":73,"column":21},"end":{"line":73,"column":22}},"loc":{"start":{"line":73,"column":53},"end":{"line":90,"column":1}},"line":73},"6":{"name":"(anonymous_6)","decl":{"start":{"line":93,"column":24},"end":{"line":93,"column":25}},"loc":{"start":{"line":93,"column":56},"end":{"line":109,"column":1}},"line":93}},"branchMap":{"0":{"loc":{"start":{"line":27,"column":4},"end":{"line":29,"column":5}},"type":"if","locations":[{"start":{"line":27,"column":4},"end":{"line":29,"column":5}},{"start":{},"end":{}}],"line":27},"1":{"loc":{"start":{"line":82,"column":4},"end":{"line":84,"column":5}},"type":"if","locations":[{"start":{"line":82,"column":4},"end":{"line":84,"column":5}},{"start":{},"end":{}}],"line":82},"2":{"loc":{"start":{"line":101,"column":4},"end":{"line":103,"column":5}},"type":"if","locations":[{"start":{"line":101,"column":4},"end":{"line":103,"column":5}},{"start":{},"end":{}}],"line":101}},"s":{"0":2,"1":2,"2":2,"3":2,"4":2,"5":0,"6":0,"7":0,"8":0,"9":2,"10":0,"11":0,"12":0,"13":0,"14":0,"15":0,"16":0,"17":0,"18":0,"19":0,"20":0,"21":0,"22":0,"23":0,"24":2,"25":2,"26":1,"27":1,"28":1,"29":1,"30":1,"31":0,"32":2,"33":0,"34":0,"35":0,"36":0,"37":0,"38":0,"39":0,"40":0,"41":2,"42":0,"43":0,"44":0,"45":0,"46":0,"47":0,"48":0,"49":2},"f":{"0":0,"1":0,"2":0,"3":0,"4":1,"5":0,"6":0},"b":{"0":[0,0],"1":[0,0],"2":[0,0]},"_coverageSchema":"1a1c01bbd47fc00a2c39e90264f33305004495a9","hash":"c430e9f4d22125d8e280519ab386de3b4cf5c287"}
,"/var/www/server23/bootcamp/javascript/node/node-ng-fs/routes/invoices.js": {"path":"/var/www/server23/bootcamp/javascript/node/node-ng-fs/routes/invoices.js","statementMap":{"0":{"start":{"line":1,"column":16},"end":{"line":1,"column":34}},"1":{"start":{"line":2,"column":15},"end":{"line":2,"column":35}},"2":{"start":{"line":3,"column":11},"end":{"line":3,"column":27}},"3":{"start":{"line":4,"column":21},"end":{"line":4,"column":47}},"4":{"start":{"line":7,"column":0},"end":{"line":14,"column":3}},"5":{"start":{"line":8,"column":2},"end":{"line":13,"column":3}},"6":{"start":{"line":9,"column":19},"end":{"line":9,"column":71}},"7":{"start":{"line":10,"column":4},"end":{"line":10,"column":47}},"8":{"start":{"line":12,"column":4},"end":{"line":12,"column":21}},"9":{"start":{"line":17,"column":0},"end":{"line":51,"column":3}},"10":{"start":{"line":18,"column":2},"end":{"line":50,"column":3}},"11":{"start":{"line":19,"column":19},"end":{"line":19,"column":29}},"12":{"start":{"line":20,"column":19},"end":{"line":27,"column":5}},"13":{"start":{"line":29,"column":4},"end":{"line":31,"column":5}},"14":{"start":{"line":30,"column":6},"end":{"line":30,"column":69}},"15":{"start":{"line":33,"column":17},"end":{"line":33,"column":31}},"16":{"start":{"line":34,"column":20},"end":{"line":45,"column":5}},"17":{"start":{"line":47,"column":4},"end":{"line":47,"column":33}},"18":{"start":{"line":49,"column":4},"end":{"line":49,"column":21}},"19":{"start":{"line":54,"column":0},"end":{"line":65,"column":3}},"20":{"start":{"line":55,"column":2},"end":{"line":64,"column":3}},"21":{"start":{"line":56,"column":31},"end":{"line":56,"column":39}},"22":{"start":{"line":57,"column":19},"end":{"line":60,"column":5}},"23":{"start":{"line":61,"column":4},"end":{"line":61,"column":61}},"24":{"start":{"line":63,"column":4},"end":{"line":63,"column":21}},"25":{"start":{"line":68,"column":0},"end":{"line":103,"column":3}},"26":{"start":{"line":69,"column":2},"end":{"line":102,"column":3}},"27":{"start":{"line":70,"column":19},"end":{"line":70,"column":29}},"28":{"start":{"line":71,"column":26},"end":{"line":71,"column":34}},"29":{"start":{"line":73,"column":19},"end":{"line":73,"column":23}},"30":{"start":{"line":75,"column":23},"end":{"line":78,"column":5}},"31":{"start":{"line":80,"column":4},"end":{"line":82,"column":5}},"32":{"start":{"line":81,"column":6},"end":{"line":81,"column":69}},"33":{"start":{"line":84,"column":25},"end":{"line":84,"column":53}},"34":{"start":{"line":86,"column":4},"end":{"line":92,"column":5}},"35":{"start":{"line":87,"column":6},"end":{"line":87,"column":28}},"36":{"start":{"line":88,"column":11},"end":{"line":92,"column":5}},"37":{"start":{"line":89,"column":6},"end":{"line":89,"column":22}},"38":{"start":{"line":91,"column":6},"end":{"line":91,"column":30}},"39":{"start":{"line":94,"column":19},"end":{"line":97,"column":5}},"40":{"start":{"line":99,"column":4},"end":{"line":99,"column":49}},"41":{"start":{"line":101,"column":4},"end":{"line":101,"column":21}},"42":{"start":{"line":106,"column":0},"end":{"line":122,"column":3}},"43":{"start":{"line":107,"column":2},"end":{"line":121,"column":3}},"44":{"start":{"line":108,"column":19},"end":{"line":108,"column":29}},"45":{"start":{"line":109,"column":19},"end":{"line":112,"column":5}},"46":{"start":{"line":114,"column":4},"end":{"line":116,"column":5}},"47":{"start":{"line":115,"column":6},"end":{"line":115,"column":69}},"48":{"start":{"line":118,"column":4},"end":{"line":118,"column":43}},"49":{"start":{"line":120,"column":4},"end":{"line":120,"column":21}},"50":{"start":{"line":124,"column":0},"end":{"line":124,"column":24}}},"fnMap":{"0":{"name":"(anonymous_0)","decl":{"start":{"line":7,"column":16},"end":{"line":7,"column":17}},"loc":{"start":{"line":7,"column":48},"end":{"line":14,"column":1}},"line":7},"1":{"name":"(anonymous_1)","decl":{"start":{"line":17,"column":19},"end":{"line":17,"column":20}},"loc":{"start":{"line":17,"column":51},"end":{"line":51,"column":1}},"line":17},"2":{"name":"(anonymous_2)","decl":{"start":{"line":54,"column":17},"end":{"line":54,"column":18}},"loc":{"start":{"line":54,"column":49},"end":{"line":65,"column":1}},"line":54},"3":{"name":"(anonymous_3)","decl":{"start":{"line":68,"column":19},"end":{"line":68,"column":20}},"loc":{"start":{"line":68,"column":51},"end":{"line":103,"column":1}},"line":68},"4":{"name":"(anonymous_4)","decl":{"start":{"line":106,"column":22},"end":{"line":106,"column":23}},"loc":{"start":{"line":106,"column":54},"end":{"line":122,"column":1}},"line":106}},"branchMap":{"0":{"loc":{"start":{"line":29,"column":4},"end":{"line":31,"column":5}},"type":"if","locations":[{"start":{"line":29,"column":4},"end":{"line":31,"column":5}},{"start":{},"end":{}}],"line":29},"1":{"loc":{"start":{"line":80,"column":4},"end":{"line":82,"column":5}},"type":"if","locations":[{"start":{"line":80,"column":4},"end":{"line":82,"column":5}},{"start":{},"end":{}}],"line":80},"2":{"loc":{"start":{"line":86,"column":4},"end":{"line":92,"column":5}},"type":"if","locations":[{"start":{"line":86,"column":4},"end":{"line":92,"column":5}},{"start":{"line":88,"column":11},"end":{"line":92,"column":5}}],"line":86},"3":{"loc":{"start":{"line":86,"column":8},"end":{"line":86,"column":29}},"type":"binary-expr","locations":[{"start":{"line":86,"column":8},"end":{"line":86,"column":21}},{"start":{"line":86,"column":25},"end":{"line":86,"column":29}}],"line":86},"4":{"loc":{"start":{"line":88,"column":11},"end":{"line":92,"column":5}},"type":"if","locations":[{"start":{"line":88,"column":11},"end":{"line":92,"column":5}},{"start":{"line":90,"column":11},"end":{"line":92,"column":5}}],"line":88},"5":{"loc":{"start":{"line":114,"column":4},"end":{"line":116,"column":5}},"type":"if","locations":[{"start":{"line":114,"column":4},"end":{"line":116,"column":5}},{"start":{},"end":{}}],"line":114}},"s":{"0":2,"1":2,"2":2,"3":2,"4":2,"5":0,"6":0,"7":0,"8":0,"9":2,"10":0,"11":0,"12":0,"13":0,"14":0,"15":0,"16":0,"17":0,"18":0,"19":2,"20":0,"21":0,"22":0,"23":0,"24":0,"25":2,"26":2,"27":2,"28":2,"29":2,"30":2,"31":2,"32":0,"33":2,"34":2,"35":2,"36":0,"37":0,"38":0,"39":2,"40":2,"41":0,"42":2,"43":0,"44":0,"45":0,"46":0,"47":0,"48":0,"49":0,"50":2},"f":{"0":0,"1":0,"2":0,"3":2,"4":0},"b":{"0":[0,0],"1":[0,2],"2":[2,0],"3":[2,2],"4":[0,0],"5":[0,0]},"_coverageSchema":"1a1c01bbd47fc00a2c39e90264f33305004495a9","hash":"064b188fad197f34c56caa5af15472b62f344082"}
}
