TN:
SF:app.js
FN:19,(anonymous_0)
FN:26,(anonymous_1)
FNF:2
FNH:0
FNDA:0,(anonymous_0)
FNDA:0,(anonymous_1)
DA:4,2
DA:6,2
DA:7,2
DA:8,2
DA:9,2
DA:11,2
DA:12,2
DA:13,2
DA:19,2
DA:20,0
DA:21,0
DA:26,2
DA:27,0
DA:29,0
DA:36,2
LF:15
LH:11
BRDA:27,0,0,0
BRDA:27,0,1,0
BRF:2
BRH:0
end_of_record
TN:
SF:db.js
FNF:0
FNH:0
DA:3,2
DA:7,2
DA:8,2
DA:10,0
DA:13,2
DA:17,2
DA:19,2
LF:7
LH:6
BRDA:7,0,0,2
BRDA:7,0,1,0
BRF:2
BRH:1
end_of_record
TN:
SF:expressError.js
FN:8,(anonymous_0)
FNF:1
FNH:0
FNDA:0,(anonymous_0)
DA:9,0
DA:10,0
DA:11,0
DA:12,0
DA:17,2
LF:5
LH:1
BRF:0
BRH:0
end_of_record
TN:
SF:routes/companies.js
FN:7,(anonymous_0)
FN:17,(anonymous_1)
FN:45,(anonymous_2)
FN:46,(anonymous_3)
FN:58,(anonymous_4)
FN:73,(anonymous_5)
FN:93,(anonymous_6)
FNF:7
FNH:1
FNDA:0,(anonymous_0)
FNDA:0,(anonymous_1)
FNDA:0,(anonymous_2)
FNDA:0,(anonymous_3)
FNDA:1,(anonymous_4)
FNDA:0,(anonymous_5)
FNDA:0,(anonymous_6)
DA:1,2
DA:2,2
DA:3,2
DA:4,2
DA:7,2
DA:8,0
DA:9,0
DA:10,0
DA:12,0
DA:17,2
DA:18,0
DA:19,0
DA:22,0
DA:27,0
DA:28,0
DA:32,0
DA:38,0
DA:44,0
DA:45,0
DA:46,0
DA:48,0
DA:50,0
DA:56,2
DA:58,2
DA:59,1
DA:60,1
DA:61,1
DA:62,1
DA:66,1
DA:68,0
DA:73,2
DA:74,0
DA:75,0
DA:76,0
DA:77,0
DA:82,0
DA:83,0
DA:86,0
DA:88,0
DA:93,2
DA:94,0
DA:95,0
DA:96,0
DA:101,0
DA:102,0
DA:105,0
DA:107,0
DA:111,2
LF:48
LH:16
BRDA:27,0,0,0
BRDA:27,0,1,0
BRDA:82,1,0,0
BRDA:82,1,1,0
BRDA:101,2,0,0
BRDA:101,2,1,0
BRF:6
BRH:0
end_of_record
TN:
SF:routes/invoices.js
FN:7,(anonymous_0)
FN:17,(anonymous_1)
FN:54,(anonymous_2)
FN:68,(anonymous_3)
FN:106,(anonymous_4)
FNF:5
FNH:1
FNDA:0,(anonymous_0)
FNDA:0,(anonymous_1)
FNDA:0,(anonymous_2)
FNDA:2,(anonymous_3)
FNDA:0,(anonymous_4)
DA:1,2
DA:2,2
DA:3,2
DA:4,2
DA:7,2
DA:8,0
DA:9,0
DA:10,0
DA:12,0
DA:17,2
DA:18,0
DA:19,0
DA:20,0
DA:29,0
DA:30,0
DA:33,0
DA:34,0
DA:47,0
DA:49,0
DA:54,2
DA:55,0
DA:56,0
DA:57,0
DA:61,0
DA:63,0
DA:68,2
DA:69,2
DA:70,2
DA:71,2
DA:73,2
DA:75,2
DA:80,2
DA:81,0
DA:84,2
DA:86,2
DA:87,2
DA:88,0
DA:89,0
DA:91,0
DA:94,2
DA:99,2
DA:101,0
DA:106,2
DA:107,0
DA:108,0
DA:109,0
DA:114,0
DA:115,0
DA:118,0
DA:120,0
DA:124,2
LF:51
LH:21
BRDA:29,0,0,0
BRDA:29,0,1,0
BRDA:80,1,0,0
BRDA:80,1,1,2
BRDA:86,2,0,2
BRDA:86,2,1,0
BRDA:86,3,0,2
BRDA:86,3,1,2
BRDA:88,4,0,0
BRDA:88,4,1,0
BRDA:114,5,0,0
BRDA:114,5,1,0
BRF:12
BRH:4
end_of_record
